  Camera.cpp
D:\01_Local_Student_Storage\TommyHartung_GP-0922\OpenGL\OpenGL\OpenGL\Camera.cpp(28,79): warning C4244: 'argument': conversion from 'const float' to 'GLsizei', possible loss of data
D:\01_Local_Student_Storage\TommyHartung_GP-0922\OpenGL\OpenGL\OpenGL\Camera.cpp(29,81): warning C4244: 'argument': conversion from 'const float' to 'GLsizei', possible loss of data
D:\01_Local_Student_Storage\TommyHartung_GP-0922\OpenGL\OpenGL\OpenGL\Camera.cpp(30,75): warning C4244: 'argument': conversion from 'const float' to 'GLsizei', possible loss of data
D:\01_Local_Student_Storage\TommyHartung_GP-0922\OpenGL\OpenGL\OpenGL\Camera.cpp(31,76): warning C4244: 'argument': conversion from 'const float' to 'GLsizei', possible loss of data
D:\01_Local_Student_Storage\TommyHartung_GP-0922\OpenGL\OpenGL\OpenGL\Camera.cpp(32,16): warning C4244: 'initializing': conversion from 'double' to 'float', possible loss of data
  DataManager.cpp
  Engine.cpp
  Main.cpp
  Material.cpp
  Mesh.cpp
D:\01_Local_Student_Storage\TommyHartung_GP-0922\OpenGL\OpenGL\OpenGL\Mesh.cpp(83,129): warning C4312: 'reinterpret_cast': conversion from 'const int' to 'void *' of greater size
D:\01_Local_Student_Storage\TommyHartung_GP-0922\OpenGL\OpenGL\OpenGL\Mesh.cpp(87,56): warning C4312: 'reinterpret_cast': conversion from 'int' to 'void *' of greater size
D:\01_Local_Student_Storage\TommyHartung_GP-0922\OpenGL\OpenGL\OpenGL\Mesh.cpp(91,73): warning C4312: 'reinterpret_cast': conversion from 'int' to 'void *' of greater size
D:\01_Local_Student_Storage\TommyHartung_GP-0922\OpenGL\OpenGL\OpenGL\Mesh.cpp(95,93): warning C4312: 'reinterpret_cast': conversion from 'int' to 'void *' of greater size
D:\01_Local_Student_Storage\TommyHartung_GP-0922\OpenGL\OpenGL\OpenGL\Mesh.cpp(99,111): warning C4312: 'reinterpret_cast': conversion from 'int' to 'void *' of greater size
D:\01_Local_Student_Storage\TommyHartung_GP-0922\OpenGL\OpenGL\OpenGL\Mesh.cpp(103,131): warning C4312: 'reinterpret_cast': conversion from 'int' to 'void *' of greater size
D:\01_Local_Student_Storage\TommyHartung_GP-0922\OpenGL\OpenGL\OpenGL\Mesh.cpp(154,64): warning C4267: 'argument': conversion from 'size_t' to 'GLsizei', possible loss of data
D:\01_Local_Student_Storage\TommyHartung_GP-0922\OpenGL\OpenGL\OpenGL\Mesh.cpp(155,82): warning C4312: 'type cast': conversion from 'const int' to 'void *' of greater size
D:\01_Local_Student_Storage\TommyHartung_GP-0922\OpenGL\OpenGL\OpenGL\Mesh.cpp(155,82): warning C4267: 'argument': conversion from 'size_t' to 'GLsizei', possible loss of data
  Pyramid.cpp
  Skybox.cpp
  stb.cpp
  Viewport.cpp
  glad.c
  Generating code
  Previous IPDB not found, fall back to full compilation.
  All 807 functions were compiled because no usable IPDB/IOBJ from previous compilation was found.
  Finished generating code
  OpenGL.vcxproj -> D:\01_Local_Student_Storage\TommyHartung_GP-0922\OpenGL\OpenGL\x64\Release\OpenGL.exe
