  Engine.cpp
C:\Users\Kobra\Fork\OpenGL\OpenGL\OpenGL\Engine.h(50,30): warning C4129: 'M': unrecognized character escape sequence
C:\Users\Kobra\Fork\OpenGL\OpenGL\OpenGL\Engine.h(50,30): warning C4129: 'T': unrecognized character escape sequence
C:\Users\Kobra\Fork\OpenGL\OpenGL\OpenGL\Engine.cpp(8,20): warning C4018: '<': signed/unsigned mismatch
C:\Users\Kobra\Fork\OpenGL\OpenGL\OpenGL\Engine.cpp(15,20): warning C4018: '<': signed/unsigned mismatch
C:\Users\Kobra\Fork\OpenGL\OpenGL\OpenGL\Engine.cpp(27,20): warning C4018: '<': signed/unsigned mismatch
C:\Users\Kobra\Fork\OpenGL\OpenGL\OpenGL\Engine.cpp(35,20): warning C4018: '<': signed/unsigned mismatch
C:\Users\Kobra\Fork\OpenGL\OpenGL\OpenGL\Engine.cpp(38,21): warning C4018: '<': signed/unsigned mismatch
  Main.cpp
C:\Users\Kobra\Fork\OpenGL\OpenGL\OpenGL\Engine.h(50,30): warning C4129: 'M': unrecognized character escape sequence
C:\Users\Kobra\Fork\OpenGL\OpenGL\OpenGL\Engine.h(50,30): warning C4129: 'T': unrecognized character escape sequence
  Mesh.cpp
C:\Users\Kobra\Fork\OpenGL\OpenGL\OpenGL\Mesh.cpp(80,129): warning C4312: 'reinterpret_cast': conversion from 'const int' to 'void *' of greater size
C:\Users\Kobra\Fork\OpenGL\OpenGL\OpenGL\Mesh.cpp(83,143): warning C4312: 'reinterpret_cast': conversion from 'int' to 'void *' of greater size
C:\Users\Kobra\Fork\OpenGL\OpenGL\OpenGL\Mesh.cpp(86,165): warning C4312: 'reinterpret_cast': conversion from 'int' to 'void *' of greater size
C:\Users\Kobra\Fork\OpenGL\OpenGL\OpenGL\Mesh.cpp(89,187): warning C4312: 'reinterpret_cast': conversion from 'int' to 'void *' of greater size
C:\Users\Kobra\Fork\OpenGL\OpenGL\OpenGL\Mesh.cpp(141,64): warning C4267: 'argument': conversion from 'size_t' to 'GLsizei', possible loss of data
C:\Users\Kobra\Fork\OpenGL\OpenGL\OpenGL\Mesh.cpp(142,82): warning C4312: 'type cast': conversion from 'const int' to 'void *' of greater size
C:\Users\Kobra\Fork\OpenGL\OpenGL\OpenGL\Mesh.cpp(142,82): warning C4267: 'argument': conversion from 'size_t' to 'GLsizei', possible loss of data
  Generating Code...
LINK : warning LNK4098: defaultlib 'MSVCRT' conflicts with use of other libs; use /NODEFAULTLIB:library
  OpenGL.vcxproj -> C:\Users\Kobra\Fork\OpenGL\OpenGL\x64\Debug\OpenGL.exe
